Started GET "/" for 127.0.0.1 at 2019-05-19 14:28:35 -0400
  [1m[35m (1.9ms)[0m  [1m[34mSELECT sqlite_version(*)[0m
Processing by Rails::WelcomeController#index as HTML
  Rendering /Users/LiseWNoble/.rvm/gems/ruby-2.6.3/gems/railties-6.0.0.rc1/lib/rails/templates/rails/welcome/index.html.erb
  Rendered /Users/LiseWNoble/.rvm/gems/ruby-2.6.3/gems/railties-6.0.0.rc1/lib/rails/templates/rails/welcome/index.html.erb (Duration: 10.4ms | Allocations: 476)
Completed 200 OK in 25ms (Views: 16.8ms | ActiveRecord: 0.0ms | Allocations: 2755)


Started GET "/pages/home" for 127.0.0.1 at 2019-05-19 14:28:42 -0400
Processing by PagesController#home as HTML
  Rendering pages/home.html.erb within layouts/application
  Rendered pages/home.html.erb within layouts/application (Duration: 0.6ms | Allocations: 85)
[Webpacker] Compiling…
[Webpacker] Compilation failed:
warning ../../package.json: No license field


WARNING: We noticed you're using the `useBuiltIns` option without declaring a core-js version. Currently, we assume version 2.x when no version is passed. Since this default version will likely change in future versions of Babel, we recommend explicitly setting the core-js version you are using via the `corejs` option.

You should also be sure that the version you pass to the `corejs` option matches the version specified in your `package.json`'s `dependencies` section. If it doesn't, you need to run one of the following commands:

  npm install --save core-js@2    npm install --save core-js@3
  yarn add core-js@2              yarn add core-js@3

Hash: 3daceec5543a1c9d1581
Version: webpack 4.31.0
Time: 1773ms
Built at: 05/19/2019 2:28:47 PM
                                     Asset       Size       Chunks             Chunk Names
    js/application-4e793d3ebc7e69100513.js    124 KiB  application  [emitted]  application
js/application-4e793d3ebc7e69100513.js.map    138 KiB  application  [emitted]  application
                             manifest.json  364 bytes               [emitted]  
Entrypoint application = js/application-4e793d3ebc7e69100513.js js/application-4e793d3ebc7e69100513.js.map
[./app/javascript/channels sync recursive _channel\.js$] ./app/javascript/channels sync _channel\.js$ 160 bytes {application} [built]
[./app/javascript/channels/index.js] 211 bytes {application} [built]
[./app/javascript/packs/application.js] 749 bytes {application} [built]
[./node_modules/webpack/buildin/module.js] (webpack)/buildin/module.js 552 bytes {application} [built]
    + 3 hidden modules

Completed 200 OK in 5382ms (Views: 5380.0ms | ActiveRecord: 0.0ms | Allocations: 1547428)


Started GET "/welcome/home" for 127.0.0.1 at 2019-05-22 13:31:43 -0400
  [1m[35m (1.9ms)[0m  [1m[34mSELECT sqlite_version(*)[0m
  
ActionController::RoutingError (No route matches [GET] "/welcome/home"):
  
actionpack (6.0.0.rc1) lib/action_dispatch/middleware/debug_exceptions.rb:36:in `call'
actionpack (6.0.0.rc1) lib/action_dispatch/middleware/stack.rb:57:in `block in call'
activesupport (6.0.0.rc1) lib/active_support/notifications.rb:182:in `instrument'
actionpack (6.0.0.rc1) lib/action_dispatch/middleware/stack.rb:56:in `call'
web-console (4.0.0) lib/web_console/middleware.rb:132:in `call_app'
web-console (4.0.0) lib/web_console/middleware.rb:28:in `block in call'
web-console (4.0.0) lib/web_console/middleware.rb:17:in `catch'
web-console (4.0.0) lib/web_console/middleware.rb:17:in `call'
actionpack (6.0.0.rc1) lib/action_dispatch/middleware/stack.rb:57:in `block in call'
activesupport (6.0.0.rc1) lib/active_support/notifications.rb:182:in `instrument'
actionpack (6.0.0.rc1) lib/action_dispatch/middleware/stack.rb:56:in `call'
actionpack (6.0.0.rc1) lib/action_dispatch/middleware/show_exceptions.rb:33:in `call'
actionpack (6.0.0.rc1) lib/action_dispatch/middleware/stack.rb:57:in `block in call'
activesupport (6.0.0.rc1) lib/active_support/notifications.rb:182:in `instrument'
actionpack (6.0.0.rc1) lib/action_dispatch/middleware/stack.rb:56:in `call'
railties (6.0.0.rc1) lib/rails/rack/logger.rb:38:in `call_app'
railties (6.0.0.rc1) lib/rails/rack/logger.rb:26:in `block in call'
activesupport (6.0.0.rc1) lib/active_support/tagged_logging.rb:80:in `block in tagged'
activesupport (6.0.0.rc1) lib/active_support/tagged_logging.rb:28:in `tagged'
activesupport (6.0.0.rc1) lib/active_support/tagged_logging.rb:80:in `tagged'
railties (6.0.0.rc1) lib/rails/rack/logger.rb:26:in `call'
actionpack (6.0.0.rc1) lib/action_dispatch/middleware/stack.rb:57:in `block in call'
activesupport (6.0.0.rc1) lib/active_support/notifications.rb:182:in `instrument'
actionpack (6.0.0.rc1) lib/action_dispatch/middleware/stack.rb:56:in `call'
sprockets-rails (3.2.1) lib/sprockets/rails/quiet_assets.rb:13:in `call'
actionpack (6.0.0.rc1) lib/action_dispatch/middleware/stack.rb:57:in `block in call'
activesupport (6.0.0.rc1) lib/active_support/notifications.rb:182:in `instrument'
actionpack (6.0.0.rc1) lib/action_dispatch/middleware/stack.rb:56:in `call'
actionpack (6.0.0.rc1) lib/action_dispatch/middleware/remote_ip.rb:81:in `call'
actionpack (6.0.0.rc1) lib/action_dispatch/middleware/stack.rb:57:in `block in call'
activesupport (6.0.0.rc1) lib/active_support/notifications.rb:182:in `instrument'
actionpack (6.0.0.rc1) lib/action_dispatch/middleware/stack.rb:56:in `call'
actionpack (6.0.0.rc1) lib/action_dispatch/middleware/request_id.rb:27:in `call'
actionpack (6.0.0.rc1) lib/action_dispatch/middleware/stack.rb:57:in `block in call'
activesupport (6.0.0.rc1) lib/active_support/notifications.rb:182:in `instrument'
actionpack (6.0.0.rc1) lib/action_dispatch/middleware/stack.rb:56:in `call'
rack (2.0.7) lib/rack/method_override.rb:22:in `call'
actionpack (6.0.0.rc1) lib/action_dispatch/middleware/stack.rb:57:in `block in call'
activesupport (6.0.0.rc1) lib/active_support/notifications.rb:182:in `instrument'
actionpack (6.0.0.rc1) lib/action_dispatch/middleware/stack.rb:56:in `call'
rack (2.0.7) lib/rack/runtime.rb:22:in `call'
actionpack (6.0.0.rc1) lib/action_dispatch/middleware/stack.rb:57:in `block in call'
activesupport (6.0.0.rc1) lib/active_support/notifications.rb:182:in `instrument'
actionpack (6.0.0.rc1) lib/action_dispatch/middleware/stack.rb:56:in `call'
activesupport (6.0.0.rc1) lib/active_support/cache/strategy/local_cache_middleware.rb:29:in `call'
actionpack (6.0.0.rc1) lib/action_dispatch/middleware/stack.rb:57:in `block in call'
activesupport (6.0.0.rc1) lib/active_support/notifications.rb:182:in `instrument'
actionpack (6.0.0.rc1) lib/action_dispatch/middleware/stack.rb:56:in `call'
actionpack (6.0.0.rc1) lib/action_dispatch/middleware/executor.rb:14:in `call'
actionpack (6.0.0.rc1) lib/action_dispatch/middleware/stack.rb:57:in `block in call'
activesupport (6.0.0.rc1) lib/active_support/notifications.rb:182:in `instrument'
actionpack (6.0.0.rc1) lib/action_dispatch/middleware/stack.rb:56:in `call'
actionpack (6.0.0.rc1) lib/action_dispatch/middleware/static.rb:126:in `call'
actionpack (6.0.0.rc1) lib/action_dispatch/middleware/stack.rb:57:in `block in call'
activesupport (6.0.0.rc1) lib/active_support/notifications.rb:182:in `instrument'
actionpack (6.0.0.rc1) lib/action_dispatch/middleware/stack.rb:56:in `call'
rack (2.0.7) lib/rack/sendfile.rb:111:in `call'
actionpack (6.0.0.rc1) lib/action_dispatch/middleware/stack.rb:57:in `block in call'
activesupport (6.0.0.rc1) lib/active_support/notifications.rb:182:in `instrument'
actionpack (6.0.0.rc1) lib/action_dispatch/middleware/stack.rb:56:in `call'
actionpack (6.0.0.rc1) lib/action_dispatch/middleware/host_authorization.rb:83:in `call'
actionpack (6.0.0.rc1) lib/action_dispatch/middleware/stack.rb:57:in `block in call'
activesupport (6.0.0.rc1) lib/active_support/notifications.rb:182:in `instrument'
actionpack (6.0.0.rc1) lib/action_dispatch/middleware/stack.rb:56:in `call'
webpacker (4.0.2) lib/webpacker/dev_server_proxy.rb:29:in `perform_request'
rack-proxy (0.6.5) lib/rack/proxy.rb:57:in `call'
actionpack (6.0.0.rc1) lib/action_dispatch/middleware/stack.rb:57:in `block in call'
activesupport (6.0.0.rc1) lib/active_support/notifications.rb:182:in `instrument'
actionpack (6.0.0.rc1) lib/action_dispatch/middleware/stack.rb:56:in `call'
railties (6.0.0.rc1) lib/rails/engine.rb:526:in `call'
puma (3.12.1) lib/puma/configuration.rb:227:in `call'
puma (3.12.1) lib/puma/server.rb:660:in `handle_request'
puma (3.12.1) lib/puma/server.rb:474:in `process_client'
puma (3.12.1) lib/puma/server.rb:334:in `block in run'
puma (3.12.1) lib/puma/thread_pool.rb:135:in `block in spawn_thread'
Started GET "/" for 127.0.0.1 at 2019-05-22 13:31:46 -0400
Processing by PagesController#home as HTML
  Rendering pages/home.html.erb within layouts/application
  Rendered pages/home.html.erb within layouts/application (Duration: 0.3ms | Allocations: 85)
Completed 200 OK in 2357ms (Views: 2356.4ms | ActiveRecord: 0.0ms | Allocations: 1538633)


Started GET "/about" for 127.0.0.1 at 2019-05-22 13:31:57 -0400
Processing by PagesController#about as HTML
  Rendering pages/about.html.erb within layouts/application
  Rendered pages/about.html.erb within layouts/application (Duration: 0.4ms | Allocations: 94)
Completed 200 OK in 8ms (Views: 6.7ms | ActiveRecord: 0.0ms | Allocations: 5095)


Started GET "/about" for 127.0.0.1 at 2019-05-22 13:32:14 -0400
Processing by PagesController#about as HTML
  Rendering pages/about.html.erb within layouts/application
  Rendered pages/about.html.erb within layouts/application (Duration: 0.0ms | Allocations: 5)
Completed 200 OK in 9ms (Views: 8.4ms | ActiveRecord: 0.0ms | Allocations: 4776)


Started GET "/about" for 127.0.0.1 at 2019-05-22 13:40:22 -0400
  [1m[35m (0.1ms)[0m  [1m[34mSELECT sqlite_version(*)[0m
Processing by PagesController#about as HTML
  Rendering pages/about.html.erb within layouts/application
  Rendered pages/about.html.erb within layouts/application (Duration: 0.4ms | Allocations: 156)
Completed 200 OK in 18ms (Views: 17.6ms | ActiveRecord: 0.0ms | Allocations: 5932)


Started GET "/" for 127.0.0.1 at 2019-05-22 13:40:26 -0400
Processing by PagesController#home as HTML
  Rendering pages/home.html.erb within layouts/application
  Rendered pages/home.html.erb within layouts/application (Duration: 0.4ms | Allocations: 81)
Completed 200 OK in 8ms (Views: 6.6ms | ActiveRecord: 0.0ms | Allocations: 5072)


Started GET "/" for 127.0.0.1 at 2019-05-22 13:41:44 -0400
  [1m[35m (1.4ms)[0m  [1m[34mSELECT sqlite_version(*)[0m
Processing by PagesController#home as HTML
  Rendering pages/home.html.erb within layouts/application
  Rendered pages/home.html.erb within layouts/application (Duration: 1.9ms | Allocations: 284)
Completed 200 OK in 1546ms (Views: 1538.8ms | ActiveRecord: 0.0ms | Allocations: 1539693)


Started GET "/" for 127.0.0.1 at 2019-05-22 13:41:47 -0400
Processing by PagesController#home as HTML
  Rendering pages/home.html.erb within layouts/application
  Rendered pages/home.html.erb within layouts/application (Duration: 0.1ms | Allocations: 54)
Completed 200 OK in 7ms (Views: 6.1ms | ActiveRecord: 0.0ms | Allocations: 4900)


Started GET "/about" for 127.0.0.1 at 2019-05-22 13:41:58 -0400
Processing by PagesController#about as HTML
  Rendering pages/about.html.erb within layouts/application
  Rendered pages/about.html.erb within layouts/application (Duration: 0.9ms | Allocations: 156)
Completed 200 OK in 8ms (Views: 7.0ms | ActiveRecord: 0.0ms | Allocations: 5142)


Started GET "/about" for 127.0.0.1 at 2019-05-22 13:43:18 -0400
Processing by PagesController#about as HTML
  Rendering pages/about.html.erb within layouts/application
  Rendered pages/about.html.erb within layouts/application (Duration: 0.5ms | Allocations: 146)
Completed 200 OK in 18ms (Views: 17.1ms | ActiveRecord: 0.0ms | Allocations: 5924)


Started GET "/" for 127.0.0.1 at 2019-05-22 13:43:20 -0400
Processing by PagesController#home as HTML
  Rendering pages/home.html.erb within layouts/application
  Rendered pages/home.html.erb within layouts/application (Duration: 0.5ms | Allocations: 146)
Completed 200 OK in 8ms (Views: 7.2ms | ActiveRecord: 0.0ms | Allocations: 5130)


Started GET "/about" for 127.0.0.1 at 2019-05-22 13:43:21 -0400
Processing by PagesController#about as HTML
  Rendering pages/about.html.erb within layouts/application
  Rendered pages/about.html.erb within layouts/application (Duration: 0.1ms | Allocations: 48)
Completed 200 OK in 7ms (Views: 6.6ms | ActiveRecord: 0.0ms | Allocations: 4899)


